# JRE version: OpenJDK Runtime Environment Temurin-17.0.2+8 (17.0.2+8) (build 17.0.2+8)
# Java VM: OpenJDK 64-Bit Server VM Temurin-17.0.2+8 (17.0.2+8, mixed mode, tiered, compressed oops, compressed class ptrs, g1 gc, windows-amd64)
GC Precious Log:
 CPUs: 4 total, 4 available
 Memory: 3670M
 Large Page Support: Disabled
 NUMA Support: Disabled
 Compressed Oops: Enabled (32-bit)
 Heap Region Size: 1M
 Heap Min Capacity: 8M
 Heap Initial Capacity: 58M
 Heap Max Capacity: 918M
 Pre-touch: Disabled
 Parallel Workers: 4
 Concurrent Workers: 1
 Concurrent Refinement Workers: 4
 Periodic GC: Disabled
Heap:
 garbage-first heap   total 45056K, used 30445K [0x00000000c6a00000, 0x0000000100000000)
  region size 1024K, 13 young (13312K), 3 survivors (3072K)
 Metaspace       used 35148K, committed 35392K, reserved 1081344K
  class space    used 4017K, committed 4160K, reserved 1048576K
GC Heap History (14 events):
Event: 1.135 GC heap before
{Heap before GC invocations=0 (full 0):
 garbage-first heap   total 59392K, used 12288K [0x00000000c6a00000, 0x0000000100000000)
  region size 1024K, 13 young (13312K), 0 survivors (0K)
 Metaspace       used 8963K, committed 9088K, reserved 1056768K
  class space    used 792K, committed 896K, reserved 1048576K
}
Event: 1.143 GC heap after
{Heap after GC invocations=1 (full 0):
 garbage-first heap   total 59392K, used 6903K [0x00000000c6a00000, 0x0000000100000000)
  region size 1024K, 2 young (2048K), 2 survivors (2048K)
 Metaspace       used 8963K, committed 9088K, reserved 1056768K
  class space    used 792K, committed 896K, reserved 1048576K
}
Event: 1.732 GC heap before
{Heap before GC invocations=1 (full 0):
 garbage-first heap   total 59392K, used 14071K [0x00000000c6a00000, 0x0000000100000000)
  region size 1024K, 10 young (10240K), 2 survivors (2048K)
 Metaspace       used 13461K, committed 13632K, reserved 1064960K
  class space    used 1312K, committed 1408K, reserved 1048576K
}
Event: 1.740 GC heap after
{Heap after GC invocations=2 (full 0):
 garbage-first heap   total 59392K, used 8037K [0x00000000c6a00000, 0x0000000100000000)
  region size 1024K, 1 young (1024K), 1 survivors (1024K)
 Metaspace       used 13461K, committed 13632K, reserved 1064960K
  class space    used 1312K, committed 1408K, reserved 1048576K
}
Event: 2.479 GC heap before
{Heap before GC invocations=2 (full 0):
 garbage-first heap   total 59392K, used 23397K [0x00000000c6a00000, 0x0000000100000000)
  region size 1024K, 17 young (17408K), 1 survivors (1024K)
 Metaspace       used 17704K, committed 17920K, reserved 1064960K
  class space    used 1780K, committed 1856K, reserved 1048576K
}
Event: 2.486 GC heap after
{Heap after GC invocations=3 (full 0):
 garbage-first heap   total 59392K, used 9521K [0x00000000c6a00000, 0x0000000100000000)
  region size 1024K, 3 young (3072K), 3 survivors (3072K)
 Metaspace       used 17704K, committed 17920K, reserved 1064960K
  class space    used 1780K, committed 1856K, reserved 1048576K
}
Event: 3.020 GC heap before
{Heap before GC invocations=3 (full 0):
 garbage-first heap   total 59392K, used 21809K [0x00000000c6a00000, 0x0000000100000000)
  region size 1024K, 17 young (17408K), 3 survivors (3072K)
 Metaspace       used 21356K, committed 21504K, reserved 1073152K
  class space    used 2206K, committed 2304K, reserved 1048576K
}
Event: 3.029 GC heap after
{Heap after GC invocations=4 (full 0):
 garbage-first heap   total 59392K, used 11527K [0x00000000c6a00000, 0x0000000100000000)
  region size 1024K, 4 young (4096K), 4 survivors (4096K)
 Metaspace       used 21356K, committed 21504K, reserved 1073152K
  class space    used 2206K, committed 2304K, reserved 1048576K
}
Event: 3.697 GC heap before
{Heap before GC invocations=5 (full 0):
 garbage-first heap   total 45056K, used 33031K [0x00000000c6a00000, 0x0000000100000000)
  region size 1024K, 26 young (26624K), 4 survivors (4096K)
 Metaspace       used 24380K, committed 24512K, reserved 1073152K
  class space    used 2572K, committed 2624K, reserved 1048576K
}
Event: 3.709 GC heap after
{Heap after GC invocations=6 (full 0):
 garbage-first heap   total 45056K, used 13770K [0x00000000c6a00000, 0x0000000100000000)
  region size 1024K, 4 young (4096K), 4 survivors (4096K)
 Metaspace       used 24380K, committed 24512K, reserved 1073152K
  class space    used 2572K, committed 2624K, reserved 1048576K
}
Event: 4.166 GC heap before
{Heap before GC invocations=6 (full 0):
 garbage-first heap   total 45056K, used 28106K [0x00000000c6a00000, 0x0000000100000000)
  region size 1024K, 19 young (19456K), 4 survivors (4096K)
 Metaspace       used 29354K, committed 29504K, reserved 1081344K
  class space    used 3207K, committed 3264K, reserved 1048576K
}
Event: 4.174 GC heap after
{Heap after GC invocations=7 (full 0):
 garbage-first heap   total 45056K, used 15439K [0x00000000c6a00000, 0x0000000100000000)
  region size 1024K, 2 young (2048K), 2 survivors (2048K)
 Metaspace       used 29354K, committed 29504K, reserved 1081344K
  class space    used 3207K, committed 3264K, reserved 1048576K
}
Event: 7.839 GC heap before
{Heap before GC invocations=7 (full 0):
 garbage-first heap   total 45056K, used 35919K [0x00000000c6a00000, 0x0000000100000000)
  region size 1024K, 17 young (17408K), 2 survivors (2048K)
 Metaspace       used 33455K, committed 33664K, reserved 1081344K
  class space    used 3794K, committed 3904K, reserved 1048576K
}
Event: 7.849 GC heap after
{Heap after GC invocations=8 (full 0):
 garbage-first heap   total 45056K, used 21229K [0x00000000c6a00000, 0x0000000100000000)
  region size 1024K, 3 young (3072K), 3 survivors (3072K)
 Metaspace       used 33455K, committed 33664K, reserved 1081344K
  class space    used 3794K, committed 3904K, reserved 1048576K
}

