# JRE version: OpenJDK Runtime Environment Temurin-17.0.2+8 (17.0.2+8) (build 17.0.2+8)
# Java VM: OpenJDK 64-Bit Server VM Temurin-17.0.2+8 (17.0.2+8, mixed mode, tiered, compressed oops, compressed class ptrs, g1 gc, windows-amd64)
GC Precious Log:
 CPUs: 4 total, 4 available
 Memory: 3670M
 Large Page Support: Disabled
 NUMA Support: Disabled
 Compressed Oops: Enabled (32-bit)
 Heap Region Size: 1M
 Heap Min Capacity: 8M
 Heap Initial Capacity: 58M
 Heap Max Capacity: 918M
 Pre-touch: Disabled
 Parallel Workers: 4
 Concurrent Workers: 1
 Concurrent Refinement Workers: 4
 Periodic GC: Disabled
Heap:
 garbage-first heap   total 58368K, used 27553K [0x00000000c6a00000, 0x0000000100000000)
  region size 1024K, 8 young (8192K), 2 survivors (2048K)
 Metaspace       used 36625K, committed 36864K, reserved 1089536K
  class space    used 4239K, committed 4352K, reserved 1048576K
GC Heap History (16 events):
Event: 1.565 GC heap before
{Heap before GC invocations=0 (full 0):
 garbage-first heap   total 59392K, used 12288K [0x00000000c6a00000, 0x0000000100000000)
  region size 1024K, 13 young (13312K), 0 survivors (0K)
 Metaspace       used 9002K, committed 9152K, reserved 1064960K
  class space    used 794K, committed 896K, reserved 1048576K
}
Event: 1.574 GC heap after
{Heap after GC invocations=1 (full 0):
 garbage-first heap   total 59392K, used 7439K [0x00000000c6a00000, 0x0000000100000000)
  region size 1024K, 2 young (2048K), 2 survivors (2048K)
 Metaspace       used 9002K, committed 9152K, reserved 1064960K
  class space    used 794K, committed 896K, reserved 1048576K
}
Event: 2.387 GC heap before
{Heap before GC invocations=1 (full 0):
 garbage-first heap   total 59392K, used 15631K [0x00000000c6a00000, 0x0000000100000000)
  region size 1024K, 10 young (10240K), 2 survivors (2048K)
 Metaspace       used 13484K, committed 13696K, reserved 1064960K
  class space    used 1314K, committed 1408K, reserved 1048576K
}
Event: 2.399 GC heap after
{Heap after GC invocations=2 (full 0):
 garbage-first heap   total 59392K, used 8260K [0x00000000c6a00000, 0x0000000100000000)
  region size 1024K, 1 young (1024K), 1 survivors (1024K)
 Metaspace       used 13484K, committed 13696K, reserved 1064960K
  class space    used 1314K, committed 1408K, reserved 1048576K
}
Event: 3.517 GC heap before
{Heap before GC invocations=2 (full 0):
 garbage-first heap   total 59392K, used 23620K [0x00000000c6a00000, 0x0000000100000000)
  region size 1024K, 17 young (17408K), 1 survivors (1024K)
 Metaspace       used 17295K, committed 17472K, reserved 1064960K
  class space    used 1728K, committed 1792K, reserved 1048576K
}
Event: 3.532 GC heap after
{Heap after GC invocations=3 (full 0):
 garbage-first heap   total 59392K, used 9733K [0x00000000c6a00000, 0x0000000100000000)
  region size 1024K, 3 young (3072K), 3 survivors (3072K)
 Metaspace       used 17295K, committed 17472K, reserved 1064960K
  class space    used 1728K, committed 1792K, reserved 1048576K
}
Event: 4.451 GC heap before
{Heap before GC invocations=3 (full 0):
 garbage-first heap   total 59392K, used 24069K [0x00000000c6a00000, 0x0000000100000000)
  region size 1024K, 18 young (18432K), 3 survivors (3072K)
 Metaspace       used 21353K, committed 21504K, reserved 1073152K
  class space    used 2205K, committed 2304K, reserved 1048576K
}
Event: 4.465 GC heap after
{Heap after GC invocations=4 (full 0):
 garbage-first heap   total 59392K, used 11740K [0x00000000c6a00000, 0x0000000100000000)
  region size 1024K, 4 young (4096K), 4 survivors (4096K)
 Metaspace       used 21353K, committed 21504K, reserved 1073152K
  class space    used 2205K, committed 2304K, reserved 1048576K
}
Event: 5.481 GC heap before
{Heap before GC invocations=5 (full 0):
 garbage-first heap   total 48128K, used 35292K [0x00000000c6a00000, 0x0000000100000000)
  region size 1024K, 28 young (28672K), 4 survivors (4096K)
 Metaspace       used 24703K, committed 24896K, reserved 1073152K
  class space    used 2626K, committed 2688K, reserved 1048576K
}
Event: 5.494 GC heap after
{Heap after GC invocations=6 (full 0):
 garbage-first heap   total 48128K, used 14211K [0x00000000c6a00000, 0x0000000100000000)
  region size 1024K, 4 young (4096K), 4 survivors (4096K)
 Metaspace       used 24703K, committed 24896K, reserved 1073152K
  class space    used 2626K, committed 2688K, reserved 1048576K
}
Event: 6.938 GC heap before
{Heap before GC invocations=6 (full 0):
 garbage-first heap   total 48128K, used 30595K [0x00000000c6a00000, 0x0000000100000000)
  region size 1024K, 21 young (21504K), 4 survivors (4096K)
 Metaspace       used 30922K, committed 31104K, reserved 1081344K
  class space    used 3434K, committed 3520K, reserved 1048576K
}
Event: 6.969 GC heap after
{Heap after GC invocations=7 (full 0):
 garbage-first heap   total 48128K, used 16013K [0x00000000c6a00000, 0x0000000100000000)
  region size 1024K, 2 young (2048K), 2 survivors (2048K)
 Metaspace       used 30922K, committed 31104K, reserved 1081344K
  class space    used 3434K, committed 3520K, reserved 1048576K
}
Event: 10.132 GC heap before
{Heap before GC invocations=7 (full 0):
 garbage-first heap   total 48128K, used 37517K [0x00000000c6a00000, 0x0000000100000000)
  region size 1024K, 18 young (18432K), 2 survivors (2048K)
 Metaspace       used 35094K, committed 35392K, reserved 1081344K
  class space    used 4013K, committed 4160K, reserved 1048576K
}
Event: 10.140 GC heap after
{Heap after GC invocations=8 (full 0):
 garbage-first heap   total 58368K, used 22438K [0x00000000c6a00000, 0x0000000100000000)
  region size 1024K, 3 young (3072K), 3 survivors (3072K)
 Metaspace       used 35094K, committed 35392K, reserved 1081344K
  class space    used 4013K, committed 4160K, reserved 1048576K
}
Event: 10.338 GC heap before
{Heap before GC invocations=8 (full 0):
 garbage-first heap   total 58368K, used 25510K [0x00000000c6a00000, 0x0000000100000000)
  region size 1024K, 7 young (7168K), 3 survivors (3072K)
 Metaspace       used 35652K, committed 35968K, reserved 1081344K
  class space    used 4100K, committed 4288K, reserved 1048576K
}
Event: 10.349 GC heap after
{Heap after GC invocations=9 (full 0):
 garbage-first heap   total 58368K, used 22433K [0x00000000c6a00000, 0x0000000100000000)
  region size 1024K, 2 young (2048K), 2 survivors (2048K)
 Metaspace       used 35652K, committed 35968K, reserved 1081344K
  class space    used 4100K, committed 4288K, reserved 1048576K
}

